<?xml version="1.0" encoding="UTF-8"?>
<!-- Generated by org.testng.reporters.JUnitXMLReporter -->
<testsuite ignored="0" hostname="LAPTOP-V8Q69O7J" failures="0" tests="5" name="Default test" time="29.255" errors="0" timestamp="2023-01-22T13:40:05 IST">
  <testcase classname="com.SwagLabs.SwagLabs" name="VerifyLoginPage" time="0.174"/>
  <testcase classname="com.SwagLabs.SwagLabs" name="ValidLoginCredential" time="0.325"/>
  <testcase classname="com.SwagLabs.SwagLabs" name="VerificationDashboard" time="0.72"/>
  <testcase classname="com.SwagLabs.SwagLabs" name="AddToCardItem" time="0.387"/>
  <testcase classname="com.SwagLabs.SwagLabs" name="VerifyAddToCardItem" time="0.554"/>
</testsuite> <!-- Default test -->
