<?xml version="1.0" encoding="UTF-8"?>
<!-- Generated by org.testng.reporters.JUnitXMLReporter -->
<testsuite ignored="0" hostname="LAPTOP-V8Q69O7J" failures="0" tests="5" name="Swag Labs Test" time="29.024" errors="0" timestamp="2023-01-22T13:46:15 IST">
  <testcase classname="com.SwagLabs.SwagLabs" name="VerifyLoginPage" time="0.164"/>
  <testcase classname="com.SwagLabs.SwagLabs" name="ValidLoginCredential" time="0.292"/>
  <testcase classname="com.SwagLabs.SwagLabs" name="VerificationDashboard" time="0.708"/>
  <testcase classname="com.SwagLabs.SwagLabs" name="AddToCardItem" time="0.383"/>
  <testcase classname="com.SwagLabs.SwagLabs" name="VerifyAddToCardItem" time="0.487"/>
</testsuite> <!-- Swag Labs Test -->
