<?xml version="1.0" encoding="UTF-8"?>
<testng-results ignored="0" total="5" passed="5" failed="0" skipped="0">
  <reporter-output>
    <line>
      <![CDATA[ LOgin Page Verifcation Functionality success ]]>
    </line>
    <line>
      <![CDATA[ CURRENT PAGE URL = https://www.saucedemo.com/inventory.html]]>
    </line>
    <line>
      <![CDATA[ CURRENT PAGE TITLE = Swag Labs]]>
    </line>
    <line>
      <![CDATA[ Valid Login Credential Success ]]>
    </line>
    <line>
      <![CDATA[ CURRENT PAGE URL = https://www.saucedemo.com/inventory.html]]>
    </line>
    <line>
      <![CDATA[ CURRENT PAGE TITLE = Swag Labs]]>
    </line>
    <line>
      <![CDATA[ Item Name[0] : Sauce Labs Backpack : ItemPrice : $29.99]]>
    </line>
    <line>
      <![CDATA[ Item Name[1] : Sauce Labs Bike Light : ItemPrice : $9.99]]>
    </line>
    <line>
      <![CDATA[ Item Name[2] : Sauce Labs Bolt T-Shirt : ItemPrice : $15.99]]>
    </line>
    <line>
      <![CDATA[ Item Name[3] : Sauce Labs Fleece Jacket : ItemPrice : $49.99]]>
    </line>
    <line>
      <![CDATA[ Item Name[4] : Sauce Labs Onesie : ItemPrice : $7.99]]>
    </line>
    <line>
      <![CDATA[ Item Name[5] : Test.allTheThings() T-Shirt (Red) : ItemPrice : $15.99]]>
    </line>
    <line>
      <![CDATA[ Valid Dashboard Functionality Success]]>
    </line>
    <line>
      <![CDATA[ ADD to card Item is = Sauce Labs Fleece Jacket]]>
    </line>
    <line>
      <![CDATA[ Add To Card Inventery Field Success ]]>
    </line>
    <line>
      <![CDATA[ ADD to card Item is = Sauce Labs Fleece Jacket]]>
    </line>
    <line>
      <![CDATA[ CURRENT URL = https://www.saucedemo.com/cart.html]]>
    </line>
    <line>
      <![CDATA[ CURRENT PAGE TITLE = Swag Labs]]>
    </line>
    <line>
      <![CDATA[ ITEM NAME = Sauce Labs Fleece Jacket]]>
    </line>
    <line>
      <![CDATA[ ITEM PRICE = $49.99]]>
    </line>
    <line>
      <![CDATA[ Add Card Item Same As Selected Item Name ]]>
    </line>
  </reporter-output>
  <suite started-at="2023-01-22T13:39:36 IST" name="Default suite" finished-at="2023-01-22T13:40:05 IST" duration-ms="29255">
    <groups>
    </groups>
    <test started-at="2023-01-22T13:39:36 IST" name="Default test" finished-at="2023-01-22T13:40:05 IST" duration-ms="29255">
      <class name="com.SwagLabs.SwagLabs">
        <test-method is-config="true" signature="SetUp()[pri:0, instance:com.SwagLabs.SwagLabs@4efbca5a]" started-at="2023-01-22T13:39:36 IST" name="SetUp" finished-at="2023-01-22T13:39:41 IST" duration-ms="4743" status="PASS">
          <reporter-output>
          </reporter-output>
        </test-method> <!-- SetUp -->
        <test-method signature="VerifyLoginPage()[pri:1, instance:com.SwagLabs.SwagLabs@4efbca5a]" started-at="2023-01-22T13:39:41 IST" name="VerifyLoginPage" finished-at="2023-01-22T13:39:41 IST" duration-ms="174" status="PASS">
          <reporter-output>
            <line>
              <![CDATA[ LOgin Page Verifcation Functionality success ]]>
            </line>
          </reporter-output>
        </test-method> <!-- VerifyLoginPage -->
        <test-method is-config="true" signature="TearDown()[pri:0, instance:com.SwagLabs.SwagLabs@4efbca5a]" started-at="2023-01-22T13:39:41 IST" name="TearDown" finished-at="2023-01-22T13:39:44 IST" duration-ms="2555" status="PASS">
          <reporter-output>
          </reporter-output>
        </test-method> <!-- TearDown -->
        <test-method is-config="true" signature="SetUp()[pri:0, instance:com.SwagLabs.SwagLabs@4efbca5a]" started-at="2023-01-22T13:39:44 IST" name="SetUp" finished-at="2023-01-22T13:39:46 IST" duration-ms="2568" status="PASS">
          <reporter-output>
          </reporter-output>
        </test-method> <!-- SetUp -->
        <test-method signature="ValidLoginCredential()[pri:2, instance:com.SwagLabs.SwagLabs@4efbca5a]" started-at="2023-01-22T13:39:46 IST" name="ValidLoginCredential" finished-at="2023-01-22T13:39:47 IST" duration-ms="325" status="PASS">
          <reporter-output>
            <line>
              <![CDATA[ CURRENT PAGE URL = https://www.saucedemo.com/inventory.html]]>
            </line>
            <line>
              <![CDATA[ CURRENT PAGE TITLE = Swag Labs]]>
            </line>
            <line>
              <![CDATA[ Valid Login Credential Success ]]>
            </line>
          </reporter-output>
        </test-method> <!-- ValidLoginCredential -->
        <test-method is-config="true" signature="TearDown()[pri:0, instance:com.SwagLabs.SwagLabs@4efbca5a]" started-at="2023-01-22T13:39:47 IST" name="TearDown" finished-at="2023-01-22T13:39:49 IST" duration-ms="2369" status="PASS">
          <reporter-output>
          </reporter-output>
        </test-method> <!-- TearDown -->
        <test-method is-config="true" signature="SetUp()[pri:0, instance:com.SwagLabs.SwagLabs@4efbca5a]" started-at="2023-01-22T13:39:49 IST" name="SetUp" finished-at="2023-01-22T13:39:52 IST" duration-ms="2630" status="PASS">
          <reporter-output>
          </reporter-output>
        </test-method> <!-- SetUp -->
        <test-method signature="VerificationDashboard()[pri:3, instance:com.SwagLabs.SwagLabs@4efbca5a]" started-at="2023-01-22T13:39:52 IST" name="VerificationDashboard" finished-at="2023-01-22T13:39:52 IST" duration-ms="720" status="PASS">
          <reporter-output>
            <line>
              <![CDATA[ CURRENT PAGE URL = https://www.saucedemo.com/inventory.html]]>
            </line>
            <line>
              <![CDATA[ CURRENT PAGE TITLE = Swag Labs]]>
            </line>
            <line>
              <![CDATA[ Item Name[0] : Sauce Labs Backpack : ItemPrice : $29.99]]>
            </line>
            <line>
              <![CDATA[ Item Name[1] : Sauce Labs Bike Light : ItemPrice : $9.99]]>
            </line>
            <line>
              <![CDATA[ Item Name[2] : Sauce Labs Bolt T-Shirt : ItemPrice : $15.99]]>
            </line>
            <line>
              <![CDATA[ Item Name[3] : Sauce Labs Fleece Jacket : ItemPrice : $49.99]]>
            </line>
            <line>
              <![CDATA[ Item Name[4] : Sauce Labs Onesie : ItemPrice : $7.99]]>
            </line>
            <line>
              <![CDATA[ Item Name[5] : Test.allTheThings() T-Shirt (Red) : ItemPrice : $15.99]]>
            </line>
            <line>
              <![CDATA[ Valid Dashboard Functionality Success]]>
            </line>
          </reporter-output>
        </test-method> <!-- VerificationDashboard -->
        <test-method is-config="true" signature="TearDown()[pri:0, instance:com.SwagLabs.SwagLabs@4efbca5a]" started-at="2023-01-22T13:39:52 IST" name="TearDown" finished-at="2023-01-22T13:39:55 IST" duration-ms="2352" status="PASS">
          <reporter-output>
          </reporter-output>
        </test-method> <!-- TearDown -->
        <test-method is-config="true" signature="SetUp()[pri:0, instance:com.SwagLabs.SwagLabs@4efbca5a]" started-at="2023-01-22T13:39:55 IST" name="SetUp" finished-at="2023-01-22T13:39:57 IST" duration-ms="2615" status="PASS">
          <reporter-output>
          </reporter-output>
        </test-method> <!-- SetUp -->
        <test-method signature="AddToCardItem()[pri:4, instance:com.SwagLabs.SwagLabs@4efbca5a]" started-at="2023-01-22T13:39:57 IST" name="AddToCardItem" finished-at="2023-01-22T13:39:58 IST" duration-ms="387" status="PASS">
          <reporter-output>
            <line>
              <![CDATA[ ADD to card Item is = Sauce Labs Fleece Jacket]]>
            </line>
            <line>
              <![CDATA[ Add To Card Inventery Field Success ]]>
            </line>
          </reporter-output>
        </test-method> <!-- AddToCardItem -->
        <test-method is-config="true" signature="TearDown()[pri:0, instance:com.SwagLabs.SwagLabs@4efbca5a]" started-at="2023-01-22T13:39:58 IST" name="TearDown" finished-at="2023-01-22T13:40:00 IST" duration-ms="2305" status="PASS">
          <reporter-output>
          </reporter-output>
        </test-method> <!-- TearDown -->
        <test-method is-config="true" signature="SetUp()[pri:0, instance:com.SwagLabs.SwagLabs@4efbca5a]" started-at="2023-01-22T13:40:00 IST" name="SetUp" finished-at="2023-01-22T13:40:02 IST" duration-ms="2543" status="PASS">
          <reporter-output>
          </reporter-output>
        </test-method> <!-- SetUp -->
        <test-method signature="VerifyAddToCardItem()[pri:5, instance:com.SwagLabs.SwagLabs@4efbca5a]" started-at="2023-01-22T13:40:02 IST" name="VerifyAddToCardItem" finished-at="2023-01-22T13:40:03 IST" duration-ms="554" status="PASS">
          <reporter-output>
            <line>
              <![CDATA[ ADD to card Item is = Sauce Labs Fleece Jacket]]>
            </line>
            <line>
              <![CDATA[ CURRENT URL = https://www.saucedemo.com/cart.html]]>
            </line>
            <line>
              <![CDATA[ CURRENT PAGE TITLE = Swag Labs]]>
            </line>
            <line>
              <![CDATA[ ITEM NAME = Sauce Labs Fleece Jacket]]>
            </line>
            <line>
              <![CDATA[ ITEM PRICE = $49.99]]>
            </line>
            <line>
              <![CDATA[ Add Card Item Same As Selected Item Name ]]>
            </line>
          </reporter-output>
        </test-method> <!-- VerifyAddToCardItem -->
        <test-method is-config="true" signature="TearDown()[pri:0, instance:com.SwagLabs.SwagLabs@4efbca5a]" started-at="2023-01-22T13:40:03 IST" name="TearDown" finished-at="2023-01-22T13:40:05 IST" duration-ms="2358" status="PASS">
          <reporter-output>
          </reporter-output>
        </test-method> <!-- TearDown -->
      </class> <!-- com.SwagLabs.SwagLabs -->
    </test> <!-- Default test -->
  </suite> <!-- Default suite -->
</testng-results>
