<?xml version="1.0" encoding="UTF-8"?>
<!-- Generated by org.testng.reporters.JUnitXMLReporter -->
<testsuite ignored="0" hostname="LAPTOP-V8Q69O7J" failures="0" tests="5" name="Swag Labs Test" time="43.884" errors="0" timestamp="2023-01-22T12:52:06 IST">
  <testcase classname="com.SwagLabs.SwagLabs" name="VerifyLoginPage" time="0.449"/>
  <testcase classname="com.SwagLabs.SwagLabs" name="ValidLoginCredential" time="0.846"/>
  <testcase classname="com.SwagLabs.SwagLabs" name="VerificationDashboard" time="1.268"/>
  <testcase classname="com.SwagLabs.SwagLabs" name="AddToCardItem" time="0.869"/>
  <testcase classname="com.SwagLabs.SwagLabs" name="VerifyAddToCardItem" time="1.057"/>
</testsuite> <!-- Swag Labs Test -->
